Traceback (most recent call last):
  File "/home/muzik247/mnt/BACKUP_RUN_BY_MANUAL/Spotify_Scrapping/Playlist_Name_Retrieval/Base_Playlist_name_retrieval.py", line 8, in <module>
    import main as main
ModuleNotFoundError: No module named 'main'
An error occurred: name 'display' is not defined
2023-12-01 15:02:02 Spotify Scrapping Started 
Successfully Retrieved playlist IDs.

2023-12-01 15:04:02 Spotify Scrapping Started 
Successfully Retrieved playlist IDs.

An error occurred: local variable 'pattern' referenced before assignment
2023-12-01 15:56:02 Spotify Scrapping Started 
Successfully Retrieved playlist IDs.

2023-12-01 16:04:01 Spotify Scrapping Started 
Successfully Retrieved playlist IDs.

2023-12-01 16:09:02 Spotify Scrapping Started 
Successfully Retrieved playlist IDs.

2023-12-06 16:03:02 Spotify Scrapping Started 
Successfully Retrieved playlist IDs.

2023-12-11 11:18:02 Spotify Scrapping Started 
Successfully Retrieved playlist IDs.

2023-12-18 11:18:02 Spotify Scrapping Started 
Successfully Retrieved playlist IDs.

2023-12-25 11:18:02 Spotify Scrapping Started 
Successfully Retrieved playlist IDs.

2024-01-01 11:18:03 Spotify Scrapping Started 
Successfully Retrieved playlist IDs.

2024-01-08 01:18:02 Spotify Scrapping Started 
Successfully Retrieved playlist IDs.

2024-01-15 01:18:02 Spotify Scrapping Started 
Successfully Retrieved playlist IDs.

2024-01-22 01:18:02 Spotify Scrapping Started 
Successfully Retrieved playlist IDs.

2024-01-29 01:18:02 Spotify Scrapping Started 
Successfully Retrieved playlist IDs.

2024-02-05 01:18:02 Spotify Scrapping Started 
Successfully Retrieved playlist IDs.

2024-02-12 01:18:02 Spotify Scrapping Started 
Successfully Retrieved playlist IDs.

HTTP Error for GET to https://api.spotify.com/v1/search with Params: {'q': 'odia new love songs', 'limit': 10, 'offset': 0, 'type': 'playlist', 'market': 'IN'} returned 401 due to The access token expired
An error occurred: http status: 401, code:-1 - https://api.spotify.com/v1/search?q=odia+new+love+songs&limit=10&offset=0&type=playlist&market=IN:
 The access token expired, reason: None
2024-02-19 01:18:02 Spotify Scrapping Started 
Successfully Retrieved playlist IDs.

HTTP Error for GET to https://api.spotify.com/v1/search with Params: {'q': 'odia new love songs', 'limit': 10, 'offset': 0, 'type': 'playlist', 'market': 'IN'} returned 401 due to The access token expired
An error occurred: http status: 401, code:-1 - https://api.spotify.com/v1/search?q=odia+new+love+songs&limit=10&offset=0&type=playlist&market=IN:
 The access token expired, reason: None
2024-03-04 01:18:02 Spotify Scrapping Started 
Successfully Retrieved playlist IDs.

HTTP Error for GET to https://api.spotify.com/v1/search with Params: {'q': 'odia new love songs', 'limit': 10, 'offset': 0, 'type': 'playlist', 'market': 'IN'} returned 401 due to The access token expired
An error occurred: http status: 401, code:-1 - https://api.spotify.com/v1/search?q=odia+new+love+songs&limit=10&offset=0&type=playlist&market=IN:
 The access token expired, reason: None
2024-03-11 01:18:03 Spotify Scrapping Started 
Successfully Retrieved playlist IDs.

HTTP Error for GET to https://api.spotify.com/v1/search with Params: {'q': 'odia new love songs', 'limit': 10, 'offset': 0, 'type': 'playlist', 'market': 'IN'} returned 401 due to The access token expired
An error occurred: http status: 401, code:-1 - https://api.spotify.com/v1/search?q=odia+new+love+songs&limit=10&offset=0&type=playlist&market=IN:
 The access token expired, reason: None
2024-03-18 01:18:02 Spotify Scrapping Started 
Successfully Retrieved playlist IDs.

HTTP Error for GET to https://api.spotify.com/v1/search with Params: {'q': 'odia new love songs', 'limit': 10, 'offset': 0, 'type': 'playlist', 'market': 'IN'} returned 401 due to The access token expired
An error occurred: http status: 401, code:-1 - https://api.spotify.com/v1/search?q=odia+new+love+songs&limit=10&offset=0&type=playlist&market=IN:
 The access token expired, reason: None
2024-03-25 01:18:02 Spotify Scrapping Started 
Successfully Retrieved playlist IDs.

HTTP Error for GET to https://api.spotify.com/v1/search with Params: {'q': 'odia new love songs', 'limit': 10, 'offset': 0, 'type': 'playlist', 'market': 'IN'} returned 401 due to The access token expired
An error occurred: http status: 401, code:-1 - https://api.spotify.com/v1/search?q=odia+new+love+songs&limit=10&offset=0&type=playlist&market=IN:
 The access token expired, reason: None
2024-04-01 01:18:02 Spotify Scrapping Started 
Successfully Retrieved playlist IDs.

HTTP Error for GET to https://api.spotify.com/v1/search with Params: {'q': 'odia new love songs', 'limit': 10, 'offset': 0, 'type': 'playlist', 'market': 'IN'} returned 401 due to The access token expired
An error occurred: http status: 401, code:-1 - https://api.spotify.com/v1/search?q=odia+new+love+songs&limit=10&offset=0&type=playlist&market=IN:
 The access token expired, reason: None
2024-04-08 01:18:02 Spotify Scrapping Started 
Successfully Retrieved playlist IDs.

HTTP Error for GET to https://api.spotify.com/v1/search with Params: {'q': 'odia new love songs', 'limit': 10, 'offset': 0, 'type': 'playlist', 'market': 'IN'} returned 401 due to The access token expired
An error occurred: http status: 401, code:-1 - https://api.spotify.com/v1/search?q=odia+new+love+songs&limit=10&offset=0&type=playlist&market=IN:
 The access token expired, reason: None
2024-04-15 01:18:02 Spotify Scrapping Started 
Successfully Retrieved playlist IDs.

HTTP Error for GET to https://api.spotify.com/v1/search with Params: {'q': 'odia new love songs', 'limit': 10, 'offset': 0, 'type': 'playlist', 'market': 'IN'} returned 401 due to The access token expired
An error occurred: http status: 401, code:-1 - https://api.spotify.com/v1/search?q=odia+new+love+songs&limit=10&offset=0&type=playlist&market=IN:
 The access token expired, reason: None
2024-04-22 01:18:02 Spotify Scrapping Started 
Successfully Retrieved playlist IDs.

HTTP Error for GET to https://api.spotify.com/v1/search with Params: {'q': 'odia new love songs', 'limit': 10, 'offset': 0, 'type': 'playlist', 'market': 'IN'} returned 401 due to The access token expired
An error occurred: http status: 401, code:-1 - https://api.spotify.com/v1/search?q=odia+new+love+songs&limit=10&offset=0&type=playlist&market=IN:
 The access token expired, reason: None
2024-04-29 01:18:02 Spotify Scrapping Started 
Successfully Retrieved playlist IDs.

HTTP Error for GET to https://api.spotify.com/v1/search with Params: {'q': 'odia new love songs', 'limit': 10, 'offset': 0, 'type': 'playlist', 'market': 'IN'} returned 401 due to The access token expired
An error occurred: http status: 401, code:-1 - https://api.spotify.com/v1/search?q=odia+new+love+songs&limit=10&offset=0&type=playlist&market=IN:
 The access token expired, reason: None
2024-05-06 01:18:02 Spotify Scrapping Started 
Successfully Retrieved playlist IDs.

HTTP Error for GET to https://api.spotify.com/v1/search with Params: {'q': 'odia new love songs', 'limit': 10, 'offset': 0, 'type': 'playlist', 'market': 'IN'} returned 401 due to The access token expired
An error occurred: http status: 401, code:-1 - https://api.spotify.com/v1/search?q=odia+new+love+songs&limit=10&offset=0&type=playlist&market=IN:
 The access token expired, reason: None
2024-05-13 01:18:02 Spotify Scrapping Started 
Successfully Retrieved playlist IDs.

HTTP Error for GET to https://api.spotify.com/v1/search with Params: {'q': 'odia new love songs', 'limit': 10, 'offset': 0, 'type': 'playlist', 'market': 'IN'} returned 401 due to The access token expired
An error occurred: http status: 401, code:-1 - https://api.spotify.com/v1/search?q=odia+new+love+songs&limit=10&offset=0&type=playlist&market=IN:
 The access token expired, reason: None
2024-05-20 01:18:02 Spotify Scrapping Started 
Successfully Retrieved playlist IDs.

HTTP Error for GET to https://api.spotify.com/v1/search with Params: {'q': 'odia new love songs', 'limit': 10, 'offset': 0, 'type': 'playlist', 'market': 'IN'} returned 401 due to The access token expired
An error occurred: http status: 401, code:-1 - https://api.spotify.com/v1/search?q=odia+new+love+songs&limit=10&offset=0&type=playlist&market=IN:
 The access token expired, reason: None
2024-05-27 01:18:02 Spotify Scrapping Started 
Successfully Retrieved playlist IDs.

HTTP Error for GET to https://api.spotify.com/v1/search with Params: {'q': 'odia new love songs', 'limit': 10, 'offset': 0, 'type': 'playlist', 'market': 'IN'} returned 401 due to The access token expired
An error occurred: http status: 401, code:-1 - https://api.spotify.com/v1/search?q=odia+new+love+songs&limit=10&offset=0&type=playlist&market=IN:
 The access token expired, reason: None
2024-06-03 01:18:02 Spotify Scrapping Started 
Successfully Retrieved playlist IDs.

HTTP Error for GET to https://api.spotify.com/v1/search with Params: {'q': 'odia new love songs', 'limit': 10, 'offset': 0, 'type': 'playlist', 'market': 'IN'} returned 401 due to The access token expired
An error occurred: http status: 401, code:-1 - https://api.spotify.com/v1/search?q=odia+new+love+songs&limit=10&offset=0&type=playlist&market=IN:
 The access token expired, reason: None
2024-06-10 01:18:02 Spotify Scrapping Started 
Successfully Retrieved playlist IDs.

HTTP Error for GET to https://api.spotify.com/v1/search with Params: {'q': 'odia new love songs', 'limit': 10, 'offset': 0, 'type': 'playlist', 'market': 'IN'} returned 401 due to The access token expired
An error occurred: http status: 401, code:-1 - https://api.spotify.com/v1/search?q=odia+new+love+songs&limit=10&offset=0&type=playlist&market=IN:
 The access token expired, reason: None
2024-06-17 01:18:02 Spotify Scrapping Started 
Successfully Retrieved playlist IDs.

HTTP Error for GET to https://api.spotify.com/v1/search with Params: {'q': 'odia new love songs', 'limit': 10, 'offset': 0, 'type': 'playlist', 'market': 'IN'} returned 401 due to The access token expired
An error occurred: http status: 401, code:-1 - https://api.spotify.com/v1/search?q=odia+new+love+songs&limit=10&offset=0&type=playlist&market=IN:
 The access token expired, reason: None
2024-06-24 01:18:02 Spotify Scrapping Started 
Successfully Retrieved playlist IDs.

HTTP Error for GET to https://api.spotify.com/v1/search with Params: {'q': 'odia new love songs', 'limit': 10, 'offset': 0, 'type': 'playlist', 'market': 'IN'} returned 401 due to The access token expired
An error occurred: http status: 401, code:-1 - https://api.spotify.com/v1/search?q=odia+new+love+songs&limit=10&offset=0&type=playlist&market=IN:
 The access token expired, reason: None
2024-07-01 01:18:02 Spotify Scrapping Started 
Successfully Retrieved playlist IDs.

HTTP Error for GET to https://api.spotify.com/v1/search with Params: {'q': 'odia new love songs', 'limit': 10, 'offset': 0, 'type': 'playlist', 'market': 'IN'} returned 401 due to The access token expired
An error occurred: http status: 401, code:-1 - https://api.spotify.com/v1/search?q=odia+new+love+songs&limit=10&offset=0&type=playlist&market=IN:
 The access token expired, reason: None
2024-07-08 01:18:02 Spotify Scrapping Started 
Successfully Retrieved playlist IDs.

HTTP Error for GET to https://api.spotify.com/v1/search with Params: {'q': 'odia new love songs', 'limit': 10, 'offset': 0, 'type': 'playlist', 'market': 'IN'} returned 401 due to The access token expired
An error occurred: http status: 401, code:-1 - https://api.spotify.com/v1/search?q=odia+new+love+songs&limit=10&offset=0&type=playlist&market=IN:
 The access token expired, reason: None
2024-07-15 01:18:02 Spotify Scrapping Started 
Successfully Retrieved playlist IDs.

HTTP Error for GET to https://api.spotify.com/v1/search with Params: {'q': 'odia new love songs', 'limit': 10, 'offset': 0, 'type': 'playlist', 'market': 'IN'} returned 401 due to The access token expired
An error occurred: http status: 401, code:-1 - https://api.spotify.com/v1/search?q=odia+new+love+songs&limit=10&offset=0&type=playlist&market=IN:
 The access token expired, reason: None
2024-07-22 01:18:02 Spotify Scrapping Started 
Successfully Retrieved playlist IDs.

HTTP Error for GET to https://api.spotify.com/v1/search with Params: {'q': 'odia new love songs', 'limit': 10, 'offset': 0, 'type': 'playlist', 'market': 'IN'} returned 401 due to The access token expired
An error occurred: http status: 401, code:-1 - https://api.spotify.com/v1/search?q=odia+new+love+songs&limit=10&offset=0&type=playlist&market=IN:
 The access token expired, reason: None
2024-07-29 01:18:02 Spotify Scrapping Started 
Successfully Retrieved playlist IDs.

HTTP Error for GET to https://api.spotify.com/v1/search with Params: {'q': 'odia new love songs', 'limit': 10, 'offset': 0, 'type': 'playlist', 'market': 'IN'} returned 401 due to The access token expired
An error occurred: http status: 401, code:-1 - https://api.spotify.com/v1/search?q=odia+new+love+songs&limit=10&offset=0&type=playlist&market=IN:
 The access token expired, reason: None
2024-08-05 01:18:02 Spotify Scrapping Started 
Successfully Retrieved playlist IDs.

HTTP Error for GET to https://api.spotify.com/v1/search with Params: {'q': 'odia new love songs', 'limit': 10, 'offset': 0, 'type': 'playlist', 'market': 'IN'} returned 401 due to The access token expired
An error occurred: http status: 401, code:-1 - https://api.spotify.com/v1/search?q=odia+new+love+songs&limit=10&offset=0&type=playlist&market=IN:
 The access token expired, reason: None
2024-08-12 01:18:02 Spotify Scrapping Started 
Successfully Retrieved playlist IDs.

HTTP Error for GET to https://api.spotify.com/v1/search with Params: {'q': 'odia new love songs', 'limit': 10, 'offset': 0, 'type': 'playlist', 'market': 'IN'} returned 401 due to The access token expired
An error occurred: http status: 401, code:-1 - https://api.spotify.com/v1/search?q=odia+new+love+songs&limit=10&offset=0&type=playlist&market=IN:
 The access token expired, reason: None
2024-08-19 01:18:02 Spotify Scrapping Started 
Successfully Retrieved playlist IDs.

HTTP Error for GET to https://api.spotify.com/v1/search with Params: {'q': 'odia new love songs', 'limit': 10, 'offset': 0, 'type': 'playlist', 'market': 'IN'} returned 401 due to The access token expired
An error occurred: http status: 401, code:-1 - https://api.spotify.com/v1/search?q=odia+new+love+songs&limit=10&offset=0&type=playlist&market=IN:
 The access token expired, reason: None
2024-08-26 01:18:02 Spotify Scrapping Started 
Successfully Retrieved playlist IDs.

HTTP Error for GET to https://api.spotify.com/v1/search with Params: {'q': 'odia new love songs', 'limit': 10, 'offset': 0, 'type': 'playlist', 'market': 'IN'} returned 401 due to The access token expired
An error occurred: http status: 401, code:-1 - https://api.spotify.com/v1/search?q=odia+new+love+songs&limit=10&offset=0&type=playlist&market=IN:
 The access token expired, reason: None
2024-09-09 01:18:04 Spotify Scrapping Started 
Successfully Retrieved playlist IDs.

HTTP Error for GET to https://api.spotify.com/v1/search with Params: {'q': 'odia new love songs', 'limit': 10, 'offset': 0, 'type': 'playlist', 'market': 'IN'} returned 401 due to The access token expired
An error occurred: http status: 401, code:-1 - https://api.spotify.com/v1/search?q=odia+new+love+songs&limit=10&offset=0&type=playlist&market=IN:
 The access token expired, reason: None
2024-09-16 01:18:02 Spotify Scrapping Started 
Successfully Retrieved playlist IDs.

HTTP Error for GET to https://api.spotify.com/v1/search with Params: {'q': 'odia new love songs', 'limit': 10, 'offset': 0, 'type': 'playlist', 'market': 'IN'} returned 401 due to The access token expired
An error occurred: http status: 401, code:-1 - https://api.spotify.com/v1/search?q=odia+new+love+songs&limit=10&offset=0&type=playlist&market=IN:
 The access token expired, reason: None
2024-09-23 01:18:02 Spotify Scrapping Started 
Successfully Retrieved playlist IDs.

HTTP Error for GET to https://api.spotify.com/v1/search with Params: {'q': 'odia new love songs', 'limit': 10, 'offset': 0, 'type': 'playlist', 'market': 'IN'} returned 401 due to The access token expired
An error occurred: http status: 401, code:-1 - https://api.spotify.com/v1/search?q=odia+new+love+songs&limit=10&offset=0&type=playlist&market=IN:
 The access token expired, reason: None
2024-09-30 01:18:08 Spotify Scrapping Started 
Successfully Retrieved playlist IDs.

HTTP Error for GET to https://api.spotify.com/v1/search with Params: {'q': 'odia new love songs', 'limit': 10, 'offset': 0, 'type': 'playlist', 'market': 'IN'} returned 401 due to The access token expired
An error occurred: http status: 401, code:-1 - https://api.spotify.com/v1/search?q=odia+new+love+songs&limit=10&offset=0&type=playlist&market=IN:
 The access token expired, reason: None
2024-10-07 01:18:03 Spotify Scrapping Started 
Successfully Retrieved playlist IDs.

HTTP Error for GET to https://api.spotify.com/v1/search with Params: {'q': 'odia new love songs', 'limit': 10, 'offset': 0, 'type': 'playlist', 'market': 'IN'} returned 401 due to The access token expired
An error occurred: http status: 401, code:-1 - https://api.spotify.com/v1/search?q=odia+new+love+songs&limit=10&offset=0&type=playlist&market=IN:
 The access token expired, reason: None
2024-10-21 01:18:02 Spotify Scrapping Started 
Successfully Retrieved playlist IDs.

HTTP Error for GET to https://api.spotify.com/v1/search with Params: {'q': 'odia new love songs', 'limit': 10, 'offset': 0, 'type': 'playlist', 'market': 'IN'} returned 401 due to The access token expired
An error occurred: http status: 401, code:-1 - https://api.spotify.com/v1/search?q=odia+new+love+songs&limit=10&offset=0&type=playlist&market=IN:
 The access token expired, reason: None
2024-10-28 01:18:03 Spotify Scrapping Started 
Successfully Retrieved playlist IDs.

HTTP Error for GET to https://api.spotify.com/v1/search with Params: {'q': 'odia new love songs', 'limit': 10, 'offset': 0, 'type': 'playlist', 'market': 'IN'} returned 401 due to The access token expired
An error occurred: http status: 401, code:-1 - https://api.spotify.com/v1/search?q=odia+new+love+songs&limit=10&offset=0&type=playlist&market=IN:
 The access token expired, reason: None
2024-11-04 01:18:02 Spotify Scrapping Started 
Successfully Retrieved playlist IDs.

